0 info it worked if it ends with ok
1 verbose cli [ '/usr/local/bin/node', '/usr/local/bin/npm', 'run', 'lite' ]
2 info using npm@3.10.10
3 info using node@v6.11.3
4 verbose run-script [ 'prelite', 'lite', 'postlite' ]
5 info lifecycle Projects@1.0.0~prelite: Projects@1.0.0
6 silly lifecycle Projects@1.0.0~prelite: no script for prelite, continuing
7 info lifecycle Projects@1.0.0~lite: Projects@1.0.0
8 verbose lifecycle Projects@1.0.0~lite: unsafe-perm in lifecycle true
9 verbose lifecycle Projects@1.0.0~lite: PATH: /usr/local/lib/node_modules/npm/bin/node-gyp-bin:/Users/farhan/Documents/Projects/node_modules/.bin:/usr/local/bin:/usr/bin:/bin:/usr/sbin:/sbin:/Library/Frameworks/Mono.framework/Versions/Current/Commands
10 verbose lifecycle Projects@1.0.0~lite: CWD: /Users/farhan/Documents/Projects
11 silly lifecycle Projects@1.0.0~lite: Args: [ '-c', 'lite-servernp' ]
12 info lifecycle Projects@1.0.0~lite: Failed to exec lite script
13 verbose stack Error: Projects@1.0.0 lite: `lite-servernp`
13 verbose stack spawn ENOENT
13 verbose stack     at ChildProcess.<anonymous> (/usr/local/lib/node_modules/npm/lib/utils/spawn.js:33:16)
13 verbose stack     at emitTwo (events.js:106:13)
13 verbose stack     at ChildProcess.emit (events.js:191:7)
13 verbose stack     at maybeClose (internal/child_process.js:920:16)
13 verbose stack     at Process.ChildProcess._handle.onexit (internal/child_process.js:230:5)
14 verbose pkgid Projects@1.0.0
15 verbose cwd /Users/farhan/Documents/Projects
16 error Darwin 16.7.0
17 error argv "/usr/local/bin/node" "/usr/local/bin/npm" "run" "lite"
18 error node v6.11.3
19 error npm  v3.10.10
20 error file sh
21 error code ELIFECYCLE
22 error errno ENOENT
23 error syscall spawn
24 error Projects@1.0.0 lite: `lite-servernp`
24 error spawn ENOENT
25 error Failed at the Projects@1.0.0 lite script 'lite-servernp'.
25 error Make sure you have the latest version of node.js and npm installed.
25 error If you do, this is most likely a problem with the Projects package,
25 error not with npm itself.
25 error Tell the author that this fails on your system:
25 error     lite-servernp
25 error You can get information on how to open an issue for this project with:
25 error     npm bugs Projects
25 error Or if that isn't available, you can get their info via:
25 error     npm owner ls Projects
25 error There is likely additional logging output above.
26 verbose exit [ 1, true ]
